<?xml version="1.0" encoding="UTF-8"?>
<!-- Generated by org.testng.reporters.JUnitXMLReporter -->
<testsuite ignored="3" hostname="DESKTOP-1M9J8MG" failures="0" tests="3" name="Surefire test" time="27.022" errors="0" timestamp="2021-06-08T10:32:50 EET">
  <testcase classname="com.CRUDOperationTask.TestCases.AddNewRecipeTest" name="AddNewRecap" time="1.256"/>
  <testcase classname="com.CRUDOperationTask.TestCases.DeleteRecipeTest" name="DeleteRecipe" time="0.994"/>
  <testcase classname="com.CRUDOperationTask.TestCases.EditOnRecipeTest" name="EditOnRecipe" time="1.45"/>
  <testcase classname="com.CRUDOperationTask.TestCases.TestBaseClass" name="@BeforeSuite setAllureEnvironment" time="0.0">
    <ignored/>
  </testcase> <!-- @BeforeSuite setAllureEnvironment -->
  <testcase classname="com.CRUDOperationTask.TestCases.TestBaseClass" name="@BeforeSuite setAllureEnvironment" time="0.0">
    <ignored/>
  </testcase> <!-- @BeforeSuite setAllureEnvironment -->
  <testcase classname="com.CRUDOperationTask.TestCases.TestBaseClass" name="@BeforeSuite setAllureEnvironment" time="0.0">
    <ignored/>
  </testcase> <!-- @BeforeSuite setAllureEnvironment -->
</testsuite> <!-- Surefire test -->
