<?xml version="1.0" encoding="UTF-8"?>
<testng-results ignored="1" total="4" passed="3" failed="0" skipped="0">
  <reporter-output>
  </reporter-output>
  <suite started-at="2021-06-08T13:58:20 EET" name="All Test Suite" finished-at="2021-06-08T13:58:42 EET" duration-ms="22309">
    <groups>
    </groups>
    <test started-at="2021-06-08T13:58:20 EET" name="C:/Users/Fady/IdeaProjects/CRUD Operation Script" finished-at="2021-06-08T13:58:42 EET" duration-ms="22309">
      <class name="com.CRUDOperationTask.TestCases.AddAndDeleteRecipe">
        <test-method is-config="true" signature="setAllureEnvironment()[pri:0, instance:com.CRUDOperationTask.TestCases.AddAndDeleteRecipe@304a9d7b]" started-at="2021-06-08T13:58:20 EET" name="setAllureEnvironment" finished-at="2021-06-08T13:58:20 EET" duration-ms="156" status="PASS">
          <reporter-output>
          </reporter-output>
        </test-method> <!-- setAllureEnvironment -->
        <test-method is-config="true" signature="setUp()[pri:0, instance:com.CRUDOperationTask.TestCases.AddAndDeleteRecipe@304a9d7b]" started-at="2021-06-08T13:58:20 EET" name="setUp" finished-at="2021-06-08T13:58:29 EET" duration-ms="9258" status="PASS">
          <reporter-output>
          </reporter-output>
        </test-method> <!-- setUp -->
        <test-method signature="AddNewRecap()[pri:0, instance:com.CRUDOperationTask.TestCases.AddAndDeleteRecipe@304a9d7b]" started-at="2021-06-08T13:58:29 EET" name="AddNewRecap" finished-at="2021-06-08T13:58:31 EET" duration-ms="1639" status="PASS">
          <reporter-output>
          </reporter-output>
        </test-method> <!-- AddNewRecap -->
        <test-method signature="DeleteRecipe()[pri:0, instance:com.CRUDOperationTask.TestCases.AddAndDeleteRecipe@304a9d7b]" started-at="2021-06-08T13:58:31 EET" name="DeleteRecipe" finished-at="2021-06-08T13:58:32 EET" depends-on-methods="com.CRUDOperationTask.TestCases.AddAndDeleteRecipe.AddNewRecap" duration-ms="1057" status="PASS">
          <reporter-output>
          </reporter-output>
        </test-method> <!-- DeleteRecipe -->
        <test-method is-config="true" signature="tearDown()[pri:0, instance:com.CRUDOperationTask.TestCases.AddAndDeleteRecipe@304a9d7b]" started-at="2021-06-08T13:58:32 EET" name="tearDown" finished-at="2021-06-08T13:58:33 EET" duration-ms="765" status="PASS">
          <reporter-output>
          </reporter-output>
        </test-method> <!-- tearDown -->
      </class> <!-- com.CRUDOperationTask.TestCases.AddAndDeleteRecipe -->
      <class name="com.CRUDOperationTask.TestCases.EditOnRecipeTest">
        <test-method is-config="true" signature="setUp()[pri:0, instance:com.CRUDOperationTask.TestCases.EditOnRecipeTest@77e80a5e]" started-at="2021-06-08T13:58:33 EET" name="setUp" finished-at="2021-06-08T13:58:40 EET" duration-ms="6911" status="PASS">
          <reporter-output>
          </reporter-output>
        </test-method> <!-- setUp -->
        <test-method signature="EditOnRecipe()[pri:0, instance:com.CRUDOperationTask.TestCases.EditOnRecipeTest@77e80a5e]" started-at="2021-06-08T13:58:40 EET" name="EditOnRecipe" finished-at="2021-06-08T13:58:41 EET" duration-ms="1614" status="PASS">
          <reporter-output>
          </reporter-output>
        </test-method> <!-- EditOnRecipe -->
        <test-method is-config="true" signature="tearDown()[pri:0, instance:com.CRUDOperationTask.TestCases.EditOnRecipeTest@77e80a5e]" started-at="2021-06-08T13:58:41 EET" name="tearDown" finished-at="2021-06-08T13:58:42 EET" duration-ms="722" status="PASS">
          <reporter-output>
          </reporter-output>
        </test-method> <!-- tearDown -->
      </class> <!-- com.CRUDOperationTask.TestCases.EditOnRecipeTest -->
    </test> <!-- C:/Users/Fady/IdeaProjects/CRUD Operation Script -->
  </suite> <!-- All Test Suite -->
</testng-results>
