<?xml version="1.0" encoding="UTF-8"?>
<testng-results ignored="3" total="6" passed="3" failed="0" skipped="0">
  <reporter-output>
  </reporter-output>
  <suite started-at="2021-06-08T10:32:23 EET" name="Surefire suite" finished-at="2021-06-08T10:32:50 EET" duration-ms="27022">
    <groups>
    </groups>
    <test started-at="2021-06-08T10:32:23 EET" name="Surefire test" finished-at="2021-06-08T10:32:50 EET" duration-ms="27022">
      <class name="com.CRUDOperationTask.TestCases.DeleteRecipeTest">
        <test-method is-config="true" signature="setUp()[pri:0, instance:com.CRUDOperationTask.TestCases.DeleteRecipeTest@676f0a60]" started-at="2021-06-08T10:32:33 EET" name="setUp" finished-at="2021-06-08T10:32:41 EET" duration-ms="7394" status="PASS">
          <reporter-output>
          </reporter-output>
        </test-method> <!-- setUp -->
        <test-method signature="DeleteRecipe()[pri:0, instance:com.CRUDOperationTask.TestCases.DeleteRecipeTest@676f0a60]" started-at="2021-06-08T10:32:41 EET" name="DeleteRecipe" finished-at="2021-06-08T10:32:42 EET" duration-ms="994" status="PASS">
          <reporter-output>
          </reporter-output>
        </test-method> <!-- DeleteRecipe -->
        <test-method is-config="true" signature="tearDown()[pri:0, instance:com.CRUDOperationTask.TestCases.DeleteRecipeTest@676f0a60]" started-at="2021-06-08T10:32:42 EET" name="tearDown" finished-at="2021-06-08T10:32:42 EET" duration-ms="636" status="PASS">
          <reporter-output>
          </reporter-output>
        </test-method> <!-- tearDown -->
      </class> <!-- com.CRUDOperationTask.TestCases.DeleteRecipeTest -->
      <class name="com.CRUDOperationTask.TestCases.AddNewRecipeTest">
        <test-method is-config="true" signature="setAllureEnvironment()[pri:0, instance:com.CRUDOperationTask.TestCases.AddNewRecipeTest@2f19f2aa]" started-at="2021-06-08T10:32:23 EET" name="setAllureEnvironment" finished-at="2021-06-08T10:32:23 EET" duration-ms="197" status="PASS">
          <reporter-output>
          </reporter-output>
        </test-method> <!-- setAllureEnvironment -->
        <test-method is-config="true" signature="setUp()[pri:0, instance:com.CRUDOperationTask.TestCases.AddNewRecipeTest@2f19f2aa]" started-at="2021-06-08T10:32:23 EET" name="setUp" finished-at="2021-06-08T10:32:31 EET" duration-ms="7799" status="PASS">
          <reporter-output>
          </reporter-output>
        </test-method> <!-- setUp -->
        <test-method signature="AddNewRecap()[pri:0, instance:com.CRUDOperationTask.TestCases.AddNewRecipeTest@2f19f2aa]" started-at="2021-06-08T10:32:31 EET" name="AddNewRecap" finished-at="2021-06-08T10:32:33 EET" duration-ms="1256" status="PASS">
          <reporter-output>
          </reporter-output>
        </test-method> <!-- AddNewRecap -->
        <test-method is-config="true" signature="tearDown()[pri:0, instance:com.CRUDOperationTask.TestCases.AddNewRecipeTest@2f19f2aa]" started-at="2021-06-08T10:32:33 EET" name="tearDown" finished-at="2021-06-08T10:32:33 EET" duration-ms="666" status="PASS">
          <reporter-output>
          </reporter-output>
        </test-method> <!-- tearDown -->
      </class> <!-- com.CRUDOperationTask.TestCases.AddNewRecipeTest -->
      <class name="com.CRUDOperationTask.TestCases.EditOnRecipeTest">
        <test-method is-config="true" signature="setUp()[pri:0, instance:com.CRUDOperationTask.TestCases.EditOnRecipeTest@5d10455d]" started-at="2021-06-08T10:32:42 EET" name="setUp" finished-at="2021-06-08T10:32:48 EET" duration-ms="5867" status="PASS">
          <reporter-output>
          </reporter-output>
        </test-method> <!-- setUp -->
        <test-method signature="EditOnRecipe()[pri:0, instance:com.CRUDOperationTask.TestCases.EditOnRecipeTest@5d10455d]" started-at="2021-06-08T10:32:48 EET" name="EditOnRecipe" finished-at="2021-06-08T10:32:50 EET" duration-ms="1450" status="PASS">
          <reporter-output>
          </reporter-output>
        </test-method> <!-- EditOnRecipe -->
        <test-method is-config="true" signature="tearDown()[pri:0, instance:com.CRUDOperationTask.TestCases.EditOnRecipeTest@5d10455d]" started-at="2021-06-08T10:32:50 EET" name="tearDown" finished-at="2021-06-08T10:32:50 EET" duration-ms="696" status="PASS">
          <reporter-output>
          </reporter-output>
        </test-method> <!-- tearDown -->
      </class> <!-- com.CRUDOperationTask.TestCases.EditOnRecipeTest -->
    </test> <!-- Surefire test -->
  </suite> <!-- Surefire suite -->
</testng-results>
